FILE_TYPE=LIBRARY_PARTS;
PRIMITIVE '2MS1T2B4M2QES','2MS1T2B4M2QES_Other';
  PIN
    'NO':
      PIN_NUMBER='(1)';
      NO_LOAD_CHECK=BOTH;
      NO_IO_CHECK=BOTH;
      ALLOW_CONNECT=TRUE;
      PINUSE='UNSPEC';
    'COM':
      PIN_NUMBER='(2)';
      NO_LOAD_CHECK=BOTH;
      NO_IO_CHECK=BOTH;
      ALLOW_CONNECT=TRUE;
      PINUSE='UNSPEC';
    'NC':
      PIN_NUMBER='(3)';
      NO_LOAD_CHECK=BOTH;
      NO_IO_CHECK=BOTH;
      ALLOW_CONNECT=TRUE;
      PINUSE='NC';
  END_PIN;
  BODY
    PART_NAME='2MS1T2B4M2QES';
    PHYS_DES_PREFIX='S';
    NO_LOAD_CHECK='TRUE';
    PIN_COUNT='3';
    BODY_NAME='2MS1T2B4M2QES';
    JEDEC_TYPE='2MS1T2B4M2QES';
  END_BODY;
END_PRIMITIVE;
END.
